<?xml version="1.0" encoding="UTF-8"?>
<!-- Generated by org.testng.reporters.JUnitReportReporter -->
<testsuite hostname="Himanshu" failures="0" tests="1" name="testNGPackage.Remo" time="0.011" errors="0" timestamp="2023-11-27T12:39:51 IST" skipped="0">
  <testcase classname="testNGPackage.Remo" name="method2" time="0.011"/>
</testsuite> <!-- testNGPackage.Remo -->
