<?xml version="1.0" encoding="UTF-8"?>
<!-- Generated by org.testng.reporters.JUnitReportReporter -->
<testsuite hostname="Himanshu" failures="0" tests="1" name="testNGPackage.Demo" time="0.011" errors="0" timestamp="2023-12-05T11:10:30 IST" skipped="0">
  <testcase classname="testNGPackage.Demo" name="method2" time="0.011">
    <system-out>
      <![CDATA[Method2 of TestNG package of Demo class
Method2 of TestNG package of Demo class]]>
    </system-out>
  </testcase> <!-- method2 -->
  <system-out>
    <![CDATA[Method2 of TestNG package of Demo class
Method2 of TestNG package of Demo class]]>
  </system-out>
</testsuite> <!-- testNGPackage.Demo -->
